2026-04-02 19:58:19 [main] INFO  c.p.a.AuthServiceApplicationTests - Starting AuthServiceApplicationTests using Java 17.0.16 with PID 23328 (started by XUN HI in C:\Users\AD\Desktop\KLTN\Project\Backend\auth-service)
2026-04-02 19:58:19 [main] DEBUG c.p.a.AuthServiceApplicationTests - Running with Spring Boot v4.0.4, Spring v7.0.6
2026-04-02 19:58:19 [main] INFO  c.p.a.AuthServiceApplicationTests - The following 1 profile is active: "local"
2026-04-02 19:58:25 [main] INFO  o.s.d.r.c.RepositoryConfigurationDelegate - Bootstrapping Spring Data JPA repositories in DEFAULT mode.
2026-04-02 19:58:25 [main] INFO  o.s.d.r.c.RepositoryConfigurationDelegate - Finished Spring Data repository scanning in 305 ms. Found 15 JPA repository interfaces.
2026-04-02 19:58:30 [main] INFO  com.zaxxer.hikari.HikariDataSource - auth-service-hikari - Starting...
2026-04-02 19:58:31 [main] INFO  com.zaxxer.hikari.pool.HikariPool - auth-service-hikari - Added connection org.mariadb.jdbc.Connection@44a93f8a
2026-04-02 19:58:31 [main] INFO  com.zaxxer.hikari.HikariDataSource - auth-service-hikari - Start completed.
2026-04-02 19:58:31 [main] INFO  org.hibernate.orm.jpa - HHH008540: Processing PersistenceUnitInfo [name: default]
2026-04-02 19:58:32 [main] INFO  org.hibernate.orm.core - HHH000001: Hibernate ORM core version 7.2.7.Final
2026-04-02 19:58:36 [main] INFO  o.s.o.j.p.SpringPersistenceUnitInfo - No LoadTimeWeaver setup: ignoring JPA class transformer
2026-04-02 19:58:36 [main] WARN  org.hibernate.orm.deprecation - HHH90000025: MariaDBDialect does not need to be specified explicitly using 'hibernate.dialect' (remove the property setting and it will be selected by default)
2026-04-02 19:58:36 [main] INFO  o.hibernate.orm.connections.pooling - HHH10001005: Database info:
	Database JDBC URL [jdbc:mariadb://localhost/smartroomms?user=root]
	Database driver: MariaDB Connector/J
	Database dialect: MariaDBDialect
	Database version: 12.0.2
	Default catalog/schema: smartroomms/undefined
	Autocommit mode: undefined/unknown
	Isolation level: REPEATABLE_READ [default REPEATABLE_READ]
	JDBC fetch size: none
	Pool: DataSourceConnectionProvider
	Minimum pool size: undefined/unknown
	Maximum pool size: undefined/unknown
2026-04-02 19:58:42 [main] INFO  org.hibernate.orm.core - HHH000489: No JTA platform available (set 'hibernate.transaction.jta.platform' to enable JTA platform integration)
2026-04-02 19:58:42 [main] INFO  o.s.o.j.LocalContainerEntityManagerFactoryBean - Initialized JPA EntityManagerFactory for persistence unit 'default'
2026-04-02 19:58:43 [main] INFO  o.s.d.j.r.q.QueryEnhancerFactories - Hibernate is in classpath; If applicable, HQL parser will be used.
2026-04-02 19:58:48 [main] INFO  o.s.s.c.a.a.c.InitializeAuthenticationProviderBeanManagerConfigurer$InitializeAuthenticationProviderManagerConfigurer - Global AuthenticationManager configured with AuthenticationProvider bean with name authenticationProvider
2026-04-02 19:58:48 [main] WARN  o.s.s.c.a.a.c.InitializeUserDetailsBeanManagerConfigurer$InitializeUserDetailsManagerConfigurer - Global AuthenticationManager configured with an AuthenticationProvider bean. UserDetailsService beans will not be used by Spring Security for automatically configuring username/password login. Consider removing the AuthenticationProvider bean. Alternatively, consider using the UserDetailsService in a manually instantiated DaoAuthenticationProvider. If the current configuration is intentional, to turn off this warning, increase the logging level of 'org.springframework.security.config.annotation.authentication.configuration.InitializeUserDetailsBeanManagerConfigurer' to ERROR
2026-04-02 19:58:49 [main] WARN  o.s.b.j.a.JpaBaseConfiguration$JpaWebConfiguration - spring.jpa.open-in-view is enabled by default. Therefore, database queries may be performed during view rendering. Explicitly configure spring.jpa.open-in-view to disable this warning
2026-04-02 19:58:58 [main] INFO  o.s.b.a.e.web.EndpointLinksResolver - Exposing 3 endpoints beneath base path '/actuator'
2026-04-02 19:58:59 [main] INFO  c.p.a.AuthServiceApplicationTests - Started AuthServiceApplicationTests in 41.192 seconds (process running for 46.462)
2026-04-02 19:59:05 [SpringApplicationShutdownHook] INFO  o.s.o.j.LocalContainerEntityManagerFactoryBean - Closing JPA EntityManagerFactory for persistence unit 'default'
2026-04-02 19:59:05 [SpringApplicationShutdownHook] INFO  com.zaxxer.hikari.HikariDataSource - auth-service-hikari - Shutdown initiated...
2026-04-02 19:59:06 [SpringApplicationShutdownHook] INFO  com.zaxxer.hikari.HikariDataSource - auth-service-hikari - Shutdown completed.
2026-04-02 20:04:27 [main] INFO  c.p.a.AuthServiceApplicationTests - Starting AuthServiceApplicationTests using Java 17.0.16 with PID 21336 (started by XUN HI in C:\Users\AD\Desktop\KLTN\Project\Backend\auth-service)
2026-04-02 20:04:27 [main] DEBUG c.p.a.AuthServiceApplicationTests - Running with Spring Boot v4.0.4, Spring v7.0.6
2026-04-02 20:04:27 [main] INFO  c.p.a.AuthServiceApplicationTests - The following 1 profile is active: "local"
2026-04-02 20:04:32 [main] INFO  o.s.d.r.c.RepositoryConfigurationDelegate - Bootstrapping Spring Data JPA repositories in DEFAULT mode.
2026-04-02 20:04:33 [main] INFO  o.s.d.r.c.RepositoryConfigurationDelegate - Finished Spring Data repository scanning in 463 ms. Found 15 JPA repository interfaces.
2026-04-02 20:04:39 [main] INFO  com.zaxxer.hikari.HikariDataSource - auth-service-hikari - Starting...
2026-04-02 20:04:39 [main] INFO  com.zaxxer.hikari.pool.HikariPool - auth-service-hikari - Added connection org.mariadb.jdbc.Connection@41938e1e
2026-04-02 20:04:39 [main] INFO  com.zaxxer.hikari.HikariDataSource - auth-service-hikari - Start completed.
2026-04-02 20:04:40 [main] INFO  org.hibernate.orm.jpa - HHH008540: Processing PersistenceUnitInfo [name: default]
2026-04-02 20:04:41 [main] INFO  org.hibernate.orm.core - HHH000001: Hibernate ORM core version 7.2.7.Final
2026-04-02 20:04:42 [main] INFO  o.s.o.j.p.SpringPersistenceUnitInfo - No LoadTimeWeaver setup: ignoring JPA class transformer
2026-04-02 20:04:42 [main] WARN  org.hibernate.orm.deprecation - HHH90000025: MariaDBDialect does not need to be specified explicitly using 'hibernate.dialect' (remove the property setting and it will be selected by default)
2026-04-02 20:04:42 [main] INFO  o.hibernate.orm.connections.pooling - HHH10001005: Database info:
	Database JDBC URL [jdbc:mariadb://localhost/smartroomms?user=root]
	Database driver: MariaDB Connector/J
	Database dialect: MariaDBDialect
	Database version: 12.0.2
	Default catalog/schema: smartroomms/undefined
	Autocommit mode: undefined/unknown
	Isolation level: REPEATABLE_READ [default REPEATABLE_READ]
	JDBC fetch size: none
	Pool: DataSourceConnectionProvider
	Minimum pool size: undefined/unknown
	Maximum pool size: undefined/unknown
2026-04-02 20:04:46 [main] INFO  org.hibernate.orm.core - HHH000489: No JTA platform available (set 'hibernate.transaction.jta.platform' to enable JTA platform integration)
2026-04-02 20:04:46 [main] INFO  o.s.o.j.LocalContainerEntityManagerFactoryBean - Initialized JPA EntityManagerFactory for persistence unit 'default'
2026-04-02 20:04:47 [main] INFO  o.s.d.j.r.q.QueryEnhancerFactories - Hibernate is in classpath; If applicable, HQL parser will be used.
2026-04-02 20:04:51 [main] INFO  o.s.s.c.a.a.c.InitializeAuthenticationProviderBeanManagerConfigurer$InitializeAuthenticationProviderManagerConfigurer - Global AuthenticationManager configured with AuthenticationProvider bean with name authenticationProvider
2026-04-02 20:04:51 [main] WARN  o.s.s.c.a.a.c.InitializeUserDetailsBeanManagerConfigurer$InitializeUserDetailsManagerConfigurer - Global AuthenticationManager configured with an AuthenticationProvider bean. UserDetailsService beans will not be used by Spring Security for automatically configuring username/password login. Consider removing the AuthenticationProvider bean. Alternatively, consider using the UserDetailsService in a manually instantiated DaoAuthenticationProvider. If the current configuration is intentional, to turn off this warning, increase the logging level of 'org.springframework.security.config.annotation.authentication.configuration.InitializeUserDetailsBeanManagerConfigurer' to ERROR
2026-04-02 20:04:52 [main] WARN  o.s.b.j.a.JpaBaseConfiguration$JpaWebConfiguration - spring.jpa.open-in-view is enabled by default. Therefore, database queries may be performed during view rendering. Explicitly configure spring.jpa.open-in-view to disable this warning
2026-04-02 20:04:59 [main] INFO  o.s.b.a.e.web.EndpointLinksResolver - Exposing 3 endpoints beneath base path '/actuator'
2026-04-02 20:05:00 [main] INFO  c.p.a.AuthServiceApplicationTests - Started AuthServiceApplicationTests in 33.802 seconds (process running for 39.928)
2026-04-02 20:05:05 [SpringApplicationShutdownHook] INFO  o.s.o.j.LocalContainerEntityManagerFactoryBean - Closing JPA EntityManagerFactory for persistence unit 'default'
2026-04-02 20:05:05 [SpringApplicationShutdownHook] INFO  com.zaxxer.hikari.HikariDataSource - auth-service-hikari - Shutdown initiated...
2026-04-02 20:05:06 [SpringApplicationShutdownHook] INFO  com.zaxxer.hikari.HikariDataSource - auth-service-hikari - Shutdown completed.
