2026-03-31 16:56:09 [main] INFO  c.p.h.HostServiceApplication - Starting HostServiceApplication using Java 17.0.16 with PID 21720 (C:\Users\AD\Desktop\KLTN\Project\Backend\host-service\target\classes started by XUN HI in C:\Users\AD\Desktop\KLTN\Project\Backend)
2026-03-31 16:56:09 [main] DEBUG c.p.h.HostServiceApplication - Running with Spring Boot v4.0.4, Spring v7.0.6
2026-03-31 16:56:09 [main] INFO  c.p.h.HostServiceApplication - No active profile set, falling back to 1 default profile: "default"
2026-03-31 16:56:10 [main] INFO  o.s.d.r.c.RepositoryConfigurationDelegate - Bootstrapping Spring Data JPA repositories in DEFAULT mode.
2026-03-31 16:56:10 [main] INFO  o.s.d.r.c.RepositoryConfigurationDelegate - Finished Spring Data repository scanning in 105 ms. Found 15 JPA repository interfaces.
2026-03-31 16:56:11 [main] INFO  o.s.boot.tomcat.TomcatWebServer - Tomcat initialized with port 8082 (http)
2026-03-31 16:56:11 [main] INFO  o.a.catalina.core.StandardService - Starting service [Tomcat]
2026-03-31 16:56:11 [main] INFO  o.a.catalina.core.StandardEngine - Starting Servlet engine: [Apache Tomcat/11.0.18]
2026-03-31 16:56:12 [main] INFO  o.s.b.w.c.s.WebApplicationContextInitializer - Root WebApplicationContext: initialization completed in 2120 ms
2026-03-31 16:56:12 [main] INFO  org.hibernate.orm.jpa - HHH008540: Processing PersistenceUnitInfo [name: default]
2026-03-31 16:56:12 [main] INFO  org.hibernate.orm.core - HHH000001: Hibernate ORM core version 7.2.7.Final
2026-03-31 16:56:13 [main] INFO  o.s.o.j.p.SpringPersistenceUnitInfo - No LoadTimeWeaver setup: ignoring JPA class transformer
2026-03-31 16:56:13 [main] INFO  com.zaxxer.hikari.HikariDataSource - HikariPool-1 - Starting...
2026-03-31 16:56:13 [main] INFO  com.zaxxer.hikari.pool.HikariPool - HikariPool-1 - Added connection org.mariadb.jdbc.Connection@1f4dd016
2026-03-31 16:56:13 [main] INFO  com.zaxxer.hikari.HikariDataSource - HikariPool-1 - Start completed.
2026-03-31 16:56:13 [main] WARN  org.hibernate.orm.deprecation - HHH90000025: MariaDBDialect does not need to be specified explicitly using 'hibernate.dialect' (remove the property setting and it will be selected by default)
2026-03-31 16:56:13 [main] INFO  o.hibernate.orm.connections.pooling - HHH10001005: Database info:
	Database JDBC URL [jdbc:mariadb://localhost/smartroomms?user=root]
	Database driver: MariaDB Connector/J
	Database dialect: MariaDBDialect
	Database version: 12.0.2
	Default catalog/schema: smartroomms/undefined
	Autocommit mode: undefined/unknown
	Isolation level: REPEATABLE_READ [default REPEATABLE_READ]
	JDBC fetch size: none
	Pool: DataSourceConnectionProvider
	Minimum pool size: undefined/unknown
	Maximum pool size: undefined/unknown
2026-03-31 16:56:15 [main] INFO  org.hibernate.orm.core - HHH000489: No JTA platform available (set 'hibernate.transaction.jta.platform' to enable JTA platform integration)
2026-03-31 16:56:15 [main] INFO  o.s.o.j.LocalContainerEntityManagerFactoryBean - Initialized JPA EntityManagerFactory for persistence unit 'default'
2026-03-31 16:56:15 [main] INFO  o.s.d.j.r.q.QueryEnhancerFactories - Hibernate is in classpath; If applicable, HQL parser will be used.
2026-03-31 16:56:16 [main] DEBUG c.p.h.security.JwtAuthFilter - Filter 'jwtAuthFilter' configured for use
2026-03-31 16:56:16 [main] WARN  o.s.b.j.a.JpaBaseConfiguration$JpaWebConfiguration - spring.jpa.open-in-view is enabled by default. Therefore, database queries may be performed during view rendering. Explicitly configure spring.jpa.open-in-view to disable this warning
2026-03-31 16:56:16 [main] INFO  o.s.s.c.a.a.c.InitializeAuthenticationProviderBeanManagerConfigurer$InitializeAuthenticationProviderManagerConfigurer - Global AuthenticationManager configured with AuthenticationProvider bean with name authenticationProvider
2026-03-31 16:56:16 [main] WARN  o.s.s.c.a.a.c.InitializeUserDetailsBeanManagerConfigurer$InitializeUserDetailsManagerConfigurer - Global AuthenticationManager configured with an AuthenticationProvider bean. UserDetailsService beans will not be used by Spring Security for automatically configuring username/password login. Consider removing the AuthenticationProvider bean. Alternatively, consider using the UserDetailsService in a manually instantiated DaoAuthenticationProvider. If the current configuration is intentional, to turn off this warning, increase the logging level of 'org.springframework.security.config.annotation.authentication.configuration.InitializeUserDetailsBeanManagerConfigurer' to ERROR
2026-03-31 16:56:17 [main] INFO  o.s.boot.tomcat.TomcatWebServer - Tomcat started on port 8082 (http) with context path '/'
2026-03-31 16:56:17 [main] INFO  c.p.h.HostServiceApplication - Started HostServiceApplication in 8.358 seconds (process running for 15.669)
2026-03-31 16:57:47 [http-nio-8082-exec-1] INFO  o.a.c.c.C.[Tomcat].[localhost].[/] - Initializing Spring DispatcherServlet 'dispatcherServlet'
2026-03-31 16:57:47 [http-nio-8082-exec-1] INFO  o.s.web.servlet.DispatcherServlet - Initializing Servlet 'dispatcherServlet'
2026-03-31 16:57:47 [http-nio-8082-exec-1] INFO  o.s.web.servlet.DispatcherServlet - Completed initialization in 2 ms
2026-03-31 16:57:48 [http-nio-8082-exec-2] INFO  c.p.h.controller.ReportController - GET /api/host/reports/dashboard - hostId: 133
2026-03-31 16:57:48 [http-nio-8082-exec-2] INFO  c.p.h.controller.ReportController - GET /api/host/reports/dashboard - revenue: 0, occupancy: 0.0%
2026-03-31 16:57:53 [http-nio-8082-exec-4] INFO  c.p.h.controller.RoomController - GET /api/host/rooms - hostId: 133
2026-03-31 16:57:53 [http-nio-8082-exec-4] INFO  c.p.h.controller.RoomController - GET /api/host/rooms - trả về 0 phòng
2026-03-31 16:57:57 [http-nio-8082-exec-6] INFO  c.p.h.controller.AreaController - GET /api/host/areas - hostId: 133
2026-03-31 16:57:57 [http-nio-8082-exec-6] INFO  c.p.h.controller.AreaController - GET /api/host/areas - trả về 0 khu trọ
2026-03-31 16:58:09 [http-nio-8082-exec-8] INFO  c.p.h.controller.InvoiceController - GET /api/host/invoices - hostId: 133
2026-03-31 16:58:09 [http-nio-8082-exec-8] INFO  c.p.h.controller.InvoiceController - GET /api/host/invoices - trả về 0 hóa đơn
2026-03-31 16:58:12 [http-nio-8082-exec-10] INFO  c.p.h.controller.IssueController - GET /api/host/issues - hostId: 133
2026-03-31 16:58:12 [http-nio-8082-exec-10] INFO  c.p.h.controller.IssueController - GET /api/host/issues - trả về 0 khiếu nại
2026-03-31 16:58:20 [http-nio-8082-exec-2] INFO  c.p.h.controller.ReportController - GET /api/host/reports/dashboard - hostId: 133
2026-03-31 16:58:20 [http-nio-8082-exec-2] INFO  c.p.h.controller.ReportController - GET /api/host/reports/dashboard - revenue: 0, occupancy: 0.0%
2026-03-31 17:43:34 [HikariPool-1:housekeeper] WARN  com.zaxxer.hikari.pool.HikariPool - HikariPool-1 - Thread starvation or clock leap detected (housekeeper delta=41m27s790ms506µs100ns).
2026-03-31 17:48:30 [SpringApplicationShutdownHook] INFO  o.s.boot.tomcat.GracefulShutdown - Commencing graceful shutdown. Waiting for active requests to complete
2026-03-31 17:48:32 [tomcat-shutdown] INFO  o.s.boot.tomcat.GracefulShutdown - Graceful shutdown complete
2026-03-31 17:48:32 [SpringApplicationShutdownHook] INFO  o.s.o.j.LocalContainerEntityManagerFactoryBean - Closing JPA EntityManagerFactory for persistence unit 'default'
2026-03-31 17:48:32 [SpringApplicationShutdownHook] INFO  com.zaxxer.hikari.HikariDataSource - HikariPool-1 - Shutdown initiated...
2026-03-31 17:48:32 [SpringApplicationShutdownHook] INFO  com.zaxxer.hikari.HikariDataSource - HikariPool-1 - Shutdown completed.
2026-03-31 18:08:12 [main] INFO  c.p.h.HostServiceApplication - Starting HostServiceApplication using Java 17.0.16 with PID 35448 (C:\Users\AD\Desktop\KLTN\Project\Backend\host-service\target\classes started by XUN HI in C:\Users\AD\Desktop\KLTN\Project\Backend)
2026-03-31 18:08:12 [main] DEBUG c.p.h.HostServiceApplication - Running with Spring Boot v4.0.4, Spring v7.0.6
2026-03-31 18:08:12 [main] INFO  c.p.h.HostServiceApplication - No active profile set, falling back to 1 default profile: "default"
2026-03-31 18:08:13 [main] INFO  o.s.d.r.c.RepositoryConfigurationDelegate - Bootstrapping Spring Data JPA repositories in DEFAULT mode.
2026-03-31 18:08:14 [main] INFO  o.s.d.r.c.RepositoryConfigurationDelegate - Finished Spring Data repository scanning in 130 ms. Found 15 JPA repository interfaces.
2026-03-31 18:08:15 [main] INFO  o.s.boot.tomcat.TomcatWebServer - Tomcat initialized with port 8082 (http)
2026-03-31 18:08:15 [main] INFO  o.a.catalina.core.StandardService - Starting service [Tomcat]
2026-03-31 18:08:15 [main] INFO  o.a.catalina.core.StandardEngine - Starting Servlet engine: [Apache Tomcat/11.0.18]
2026-03-31 18:08:15 [main] INFO  o.s.b.w.c.s.WebApplicationContextInitializer - Root WebApplicationContext: initialization completed in 2422 ms
2026-03-31 18:08:15 [main] INFO  org.hibernate.orm.jpa - HHH008540: Processing PersistenceUnitInfo [name: default]
2026-03-31 18:08:15 [main] INFO  org.hibernate.orm.core - HHH000001: Hibernate ORM core version 7.2.7.Final
2026-03-31 18:08:16 [main] INFO  o.s.o.j.p.SpringPersistenceUnitInfo - No LoadTimeWeaver setup: ignoring JPA class transformer
2026-03-31 18:08:16 [main] INFO  com.zaxxer.hikari.HikariDataSource - HikariPool-1 - Starting...
2026-03-31 18:08:16 [main] INFO  com.zaxxer.hikari.pool.HikariPool - HikariPool-1 - Added connection org.mariadb.jdbc.Connection@1aee6d14
2026-03-31 18:08:16 [main] INFO  com.zaxxer.hikari.HikariDataSource - HikariPool-1 - Start completed.
2026-03-31 18:08:16 [main] WARN  org.hibernate.orm.deprecation - HHH90000025: MariaDBDialect does not need to be specified explicitly using 'hibernate.dialect' (remove the property setting and it will be selected by default)
2026-03-31 18:08:16 [main] INFO  o.hibernate.orm.connections.pooling - HHH10001005: Database info:
	Database JDBC URL [jdbc:mariadb://localhost/smartroomms?user=root]
	Database driver: MariaDB Connector/J
	Database dialect: MariaDBDialect
	Database version: 12.0.2
	Default catalog/schema: smartroomms/undefined
	Autocommit mode: undefined/unknown
	Isolation level: REPEATABLE_READ [default REPEATABLE_READ]
	JDBC fetch size: none
	Pool: DataSourceConnectionProvider
	Minimum pool size: undefined/unknown
	Maximum pool size: undefined/unknown
2026-03-31 18:08:18 [main] INFO  org.hibernate.orm.core - HHH000489: No JTA platform available (set 'hibernate.transaction.jta.platform' to enable JTA platform integration)
2026-03-31 18:08:18 [main] INFO  o.s.o.j.LocalContainerEntityManagerFactoryBean - Initialized JPA EntityManagerFactory for persistence unit 'default'
2026-03-31 18:08:18 [main] INFO  o.s.d.j.r.q.QueryEnhancerFactories - Hibernate is in classpath; If applicable, HQL parser will be used.
2026-03-31 18:08:18 [main] DEBUG c.p.h.security.JwtAuthFilter - Filter 'jwtAuthFilter' configured for use
2026-03-31 18:08:18 [main] WARN  o.s.b.j.a.JpaBaseConfiguration$JpaWebConfiguration - spring.jpa.open-in-view is enabled by default. Therefore, database queries may be performed during view rendering. Explicitly configure spring.jpa.open-in-view to disable this warning
2026-03-31 18:08:18 [main] INFO  o.s.s.c.a.a.c.InitializeAuthenticationProviderBeanManagerConfigurer$InitializeAuthenticationProviderManagerConfigurer - Global AuthenticationManager configured with AuthenticationProvider bean with name authenticationProvider
2026-03-31 18:08:18 [main] WARN  o.s.s.c.a.a.c.InitializeUserDetailsBeanManagerConfigurer$InitializeUserDetailsManagerConfigurer - Global AuthenticationManager configured with an AuthenticationProvider bean. UserDetailsService beans will not be used by Spring Security for automatically configuring username/password login. Consider removing the AuthenticationProvider bean. Alternatively, consider using the UserDetailsService in a manually instantiated DaoAuthenticationProvider. If the current configuration is intentional, to turn off this warning, increase the logging level of 'org.springframework.security.config.annotation.authentication.configuration.InitializeUserDetailsBeanManagerConfigurer' to ERROR
2026-03-31 18:08:19 [main] INFO  o.s.boot.tomcat.TomcatWebServer - Tomcat started on port 8082 (http) with context path '/'
2026-03-31 18:08:19 [main] INFO  c.p.h.HostServiceApplication - Started HostServiceApplication in 7.47 seconds (process running for 8.582)
2026-03-31 18:09:22 [http-nio-8082-exec-1] INFO  o.a.c.c.C.[Tomcat].[localhost].[/] - Initializing Spring DispatcherServlet 'dispatcherServlet'
2026-03-31 18:09:22 [http-nio-8082-exec-1] INFO  o.s.web.servlet.DispatcherServlet - Initializing Servlet 'dispatcherServlet'
2026-03-31 18:09:22 [http-nio-8082-exec-1] INFO  o.s.web.servlet.DispatcherServlet - Completed initialization in 1 ms
2026-03-31 18:09:23 [http-nio-8082-exec-2] INFO  c.p.h.controller.ReportController - GET /api/host/reports/dashboard - hostId: 132
2026-03-31 18:09:23 [http-nio-8082-exec-2] INFO  c.p.h.controller.ReportController - GET /api/host/reports/dashboard - revenue: 0, occupancy: 0.0%
2026-03-31 18:09:30 [http-nio-8082-exec-4] INFO  c.p.h.controller.RoomController - GET /api/host/rooms - hostId: 132
2026-03-31 18:09:30 [http-nio-8082-exec-4] INFO  c.p.h.controller.RoomController - GET /api/host/rooms - trả về 0 phòng
2026-03-31 18:09:32 [http-nio-8082-exec-6] INFO  c.p.h.controller.AreaController - GET /api/host/areas - hostId: 132
2026-03-31 18:09:32 [http-nio-8082-exec-6] INFO  c.p.h.controller.AreaController - GET /api/host/areas - trả về 0 khu trọ
2026-03-31 18:09:36 [http-nio-8082-exec-7] INFO  c.p.h.controller.AreaController - GET /api/host/areas - hostId: 132
2026-03-31 18:09:36 [http-nio-8082-exec-7] INFO  c.p.h.controller.AreaController - GET /api/host/areas - trả về 0 khu trọ
2026-03-31 18:09:42 [http-nio-8082-exec-9] INFO  c.p.h.controller.AreaController - GET /api/host/areas - hostId: 132
2026-03-31 18:09:42 [http-nio-8082-exec-9] INFO  c.p.h.controller.AreaController - GET /api/host/areas - trả về 0 khu trọ
2026-03-31 18:09:44 [http-nio-8082-exec-1] INFO  c.p.h.controller.ReportController - GET /api/host/reports/dashboard - hostId: 132
2026-03-31 18:09:44 [http-nio-8082-exec-1] INFO  c.p.h.controller.ReportController - GET /api/host/reports/dashboard - revenue: 0, occupancy: 0.0%
2026-03-31 18:09:48 [http-nio-8082-exec-3] INFO  c.p.h.controller.AreaController - GET /api/host/areas - hostId: 132
2026-03-31 18:09:48 [http-nio-8082-exec-3] INFO  c.p.h.controller.AreaController - GET /api/host/areas - trả về 0 khu trọ
2026-03-31 18:09:53 [http-nio-8082-exec-5] INFO  c.p.h.controller.RoomController - GET /api/host/rooms - hostId: 132
2026-03-31 18:09:53 [http-nio-8082-exec-5] INFO  c.p.h.controller.RoomController - GET /api/host/rooms - trả về 0 phòng
2026-03-31 18:09:53 [http-nio-8082-exec-7] INFO  c.p.h.controller.InvoiceController - GET /api/host/invoices - hostId: 132
2026-03-31 18:09:53 [http-nio-8082-exec-7] INFO  c.p.h.controller.InvoiceController - GET /api/host/invoices - trả về 0 hóa đơn
2026-03-31 18:09:54 [http-nio-8082-exec-9] INFO  c.p.h.controller.ReportController - GET /api/host/reports/dashboard - hostId: 132
2026-03-31 18:09:54 [http-nio-8082-exec-9] INFO  c.p.h.controller.ReportController - GET /api/host/reports/dashboard - revenue: 0, occupancy: 0.0%
2026-03-31 19:18:35 [SpringApplicationShutdownHook] INFO  o.s.boot.tomcat.GracefulShutdown - Commencing graceful shutdown. Waiting for active requests to complete
2026-03-31 19:18:35 [tomcat-shutdown] INFO  o.s.boot.tomcat.GracefulShutdown - Graceful shutdown complete
2026-03-31 19:18:35 [SpringApplicationShutdownHook] INFO  o.s.o.j.LocalContainerEntityManagerFactoryBean - Closing JPA EntityManagerFactory for persistence unit 'default'
2026-03-31 19:18:35 [SpringApplicationShutdownHook] INFO  com.zaxxer.hikari.HikariDataSource - HikariPool-1 - Shutdown initiated...
2026-03-31 19:18:35 [SpringApplicationShutdownHook] INFO  com.zaxxer.hikari.HikariDataSource - HikariPool-1 - Shutdown completed.
