2026-04-02 10:10:48 [main] INFO  c.p.t.TenantServiceApplication - Starting TenantServiceApplication using Java 17.0.16 with PID 25036 (C:\Users\AD\Desktop\KLTN\Project\Backend\tenant-service\target\classes started by XUN HI in C:\Users\AD\Desktop\KLTN\Project\Backend)
2026-04-02 10:10:48 [main] DEBUG c.p.t.TenantServiceApplication - Running with Spring Boot v4.0.4, Spring v7.0.6
2026-04-02 10:10:48 [main] INFO  c.p.t.TenantServiceApplication - No active profile set, falling back to 1 default profile: "default"
2026-04-02 10:10:49 [main] INFO  o.s.d.r.c.RepositoryConfigurationDelegate - Bootstrapping Spring Data JPA repositories in DEFAULT mode.
2026-04-02 10:10:50 [main] INFO  o.s.d.r.c.RepositoryConfigurationDelegate - Finished Spring Data repository scanning in 262 ms. Found 15 JPA repository interfaces.
2026-04-02 10:10:52 [main] INFO  o.s.boot.tomcat.TomcatWebServer - Tomcat initialized with port 8083 (http)
2026-04-02 10:10:53 [main] INFO  o.a.catalina.core.StandardService - Starting service [Tomcat]
2026-04-02 10:10:53 [main] INFO  o.a.catalina.core.StandardEngine - Starting Servlet engine: [Apache Tomcat/11.0.18]
2026-04-02 10:10:53 [main] INFO  o.s.b.w.c.s.WebApplicationContextInitializer - Root WebApplicationContext: initialization completed in 5251 ms
2026-04-02 10:10:54 [main] INFO  org.hibernate.orm.jpa - HHH008540: Processing PersistenceUnitInfo [name: default]
2026-04-02 10:10:54 [main] INFO  org.hibernate.orm.core - HHH000001: Hibernate ORM core version 7.2.7.Final
2026-04-02 10:10:55 [main] INFO  o.s.o.j.p.SpringPersistenceUnitInfo - No LoadTimeWeaver setup: ignoring JPA class transformer
2026-04-02 10:10:55 [main] INFO  com.zaxxer.hikari.HikariDataSource - HikariPool-1 - Starting...
2026-04-02 10:10:56 [main] INFO  com.zaxxer.hikari.pool.HikariPool - HikariPool-1 - Added connection org.mariadb.jdbc.Connection@3dd750ba
2026-04-02 10:10:56 [main] INFO  com.zaxxer.hikari.HikariDataSource - HikariPool-1 - Start completed.
2026-04-02 10:10:56 [main] WARN  org.hibernate.orm.deprecation - HHH90000025: MariaDBDialect does not need to be specified explicitly using 'hibernate.dialect' (remove the property setting and it will be selected by default)
2026-04-02 10:10:56 [main] INFO  o.hibernate.orm.connections.pooling - HHH10001005: Database info:
	Database JDBC URL [jdbc:mariadb://localhost/smartroomms?user=root]
	Database driver: MariaDB Connector/J
	Database dialect: MariaDBDialect
	Database version: 12.0.2
	Default catalog/schema: smartroomms/undefined
	Autocommit mode: undefined/unknown
	Isolation level: REPEATABLE_READ [default REPEATABLE_READ]
	JDBC fetch size: none
	Pool: DataSourceConnectionProvider
	Minimum pool size: undefined/unknown
	Maximum pool size: undefined/unknown
2026-04-02 10:10:59 [main] INFO  org.hibernate.orm.core - HHH000489: No JTA platform available (set 'hibernate.transaction.jta.platform' to enable JTA platform integration)
2026-04-02 10:10:59 [main] INFO  o.s.o.j.LocalContainerEntityManagerFactoryBean - Initialized JPA EntityManagerFactory for persistence unit 'default'
2026-04-02 10:10:59 [main] INFO  o.s.d.j.r.q.QueryEnhancerFactories - Hibernate is in classpath; If applicable, HQL parser will be used.
2026-04-02 10:10:59 [main] DEBUG c.p.t.security.JwtAuthFilter - Filter 'jwtAuthFilter' configured for use
2026-04-02 10:11:01 [main] WARN  o.s.b.j.a.JpaBaseConfiguration$JpaWebConfiguration - spring.jpa.open-in-view is enabled by default. Therefore, database queries may be performed during view rendering. Explicitly configure spring.jpa.open-in-view to disable this warning
2026-04-02 10:11:01 [main] INFO  o.s.s.c.a.a.c.InitializeAuthenticationProviderBeanManagerConfigurer$InitializeAuthenticationProviderManagerConfigurer - Global AuthenticationManager configured with AuthenticationProvider bean with name authenticationProvider
2026-04-02 10:11:01 [main] WARN  o.s.s.c.a.a.c.InitializeUserDetailsBeanManagerConfigurer$InitializeUserDetailsManagerConfigurer - Global AuthenticationManager configured with an AuthenticationProvider bean. UserDetailsService beans will not be used by Spring Security for automatically configuring username/password login. Consider removing the AuthenticationProvider bean. Alternatively, consider using the UserDetailsService in a manually instantiated DaoAuthenticationProvider. If the current configuration is intentional, to turn off this warning, increase the logging level of 'org.springframework.security.config.annotation.authentication.configuration.InitializeUserDetailsBeanManagerConfigurer' to ERROR
2026-04-02 10:11:03 [main] INFO  o.s.boot.tomcat.TomcatWebServer - Tomcat started on port 8083 (http) with context path '/'
2026-04-02 10:11:03 [main] INFO  c.p.t.TenantServiceApplication - Started TenantServiceApplication in 16.087 seconds (process running for 17.406)
2026-04-02 10:12:59 [http-nio-8083-exec-4] INFO  o.a.c.c.C.[Tomcat].[localhost].[/] - Initializing Spring DispatcherServlet 'dispatcherServlet'
2026-04-02 10:12:59 [http-nio-8083-exec-4] INFO  o.s.web.servlet.DispatcherServlet - Initializing Servlet 'dispatcherServlet'
2026-04-02 10:12:59 [http-nio-8083-exec-4] INFO  o.s.web.servlet.DispatcherServlet - Completed initialization in 6 ms
2026-04-02 10:13:00 [http-nio-8083-exec-4] INFO  c.p.t.controller.MyInvoiceController - GET /api/tenant/invoices - userId: 4
2026-04-02 10:13:00 [http-nio-8083-exec-2] INFO  c.p.t.controller.MyIssueController - GET /api/tenant/issues - userId: 4
2026-04-02 10:13:00 [http-nio-8083-exec-1] INFO  c.p.t.c.MyContractController - GET /api/tenant/contracts - userId: 4
2026-04-02 10:13:00 [http-nio-8083-exec-3] INFO  c.p.t.c.MyNotificationController - GET /api/tenant/notifications - userId: 4
2026-04-02 10:13:09 [http-nio-8083-exec-10] INFO  c.p.t.controller.MyIssueController - GET /api/tenant/issues - userId: 4
2026-04-02 10:13:11 [http-nio-8083-exec-8] INFO  c.p.t.controller.MyInvoiceController - GET /api/tenant/invoices - userId: 4
2026-04-02 10:13:12 [http-nio-8083-exec-3] INFO  c.p.t.controller.MyIssueController - GET /api/tenant/issues - userId: 4
2026-04-02 10:13:22 [http-nio-8083-exec-2] INFO  c.p.t.c.MyContractController - GET /api/tenant/contracts/current - userId: 4
2026-04-02 10:13:22 [http-nio-8083-exec-1] INFO  c.p.t.controller.MyServiceController - GET /api/tenant/services/1
2026-04-02 10:13:22 [http-nio-8083-exec-1] INFO  c.p.t.controller.MyServiceController - GET /api/tenant/services/1 - trả về 3 dịch vụ
2026-04-02 10:13:22 [http-nio-8083-exec-5] INFO  c.p.t.controller.MyServiceController - GET /api/tenant/services/available/1
2026-04-02 10:13:22 [http-nio-8083-exec-5] INFO  c.p.t.controller.MyServiceController - GET /api/tenant/services/available/1 - trả về 5 dịch vụ
2026-04-02 10:13:27 [http-nio-8083-exec-9] INFO  c.p.t.controller.ProfileController - GET /api/tenant/profile - userId: 4
2026-04-02 10:13:36 [http-nio-8083-exec-8] INFO  c.p.t.controller.MyIssueController - GET /api/tenant/issues - userId: 4
2026-04-02 10:13:38 [http-nio-8083-exec-3] INFO  c.p.t.controller.MyInvoiceController - GET /api/tenant/invoices - userId: 4
2026-04-02 10:13:44 [http-nio-8083-exec-2] INFO  c.p.t.c.MyContractController - GET /api/tenant/contracts - userId: 4
2026-04-02 10:13:44 [http-nio-8083-exec-1] INFO  c.p.t.controller.MyInvoiceController - GET /api/tenant/invoices - userId: 4
2026-04-02 10:13:44 [http-nio-8083-exec-5] INFO  c.p.t.controller.MyIssueController - GET /api/tenant/issues - userId: 4
2026-04-02 10:13:44 [http-nio-8083-exec-6] INFO  c.p.t.c.MyNotificationController - GET /api/tenant/notifications - userId: 4
2026-04-02 10:13:52 [http-nio-8083-exec-3] INFO  c.p.t.c.MyContractController - GET /api/tenant/contracts/current - userId: 4
2026-04-02 10:13:52 [http-nio-8083-exec-4] INFO  c.p.t.controller.MyServiceController - GET /api/tenant/services/1
2026-04-02 10:13:52 [http-nio-8083-exec-4] INFO  c.p.t.controller.MyServiceController - GET /api/tenant/services/1 - trả về 3 dịch vụ
2026-04-02 10:13:52 [http-nio-8083-exec-1] INFO  c.p.t.controller.MyServiceController - GET /api/tenant/services/available/1
2026-04-02 10:13:52 [http-nio-8083-exec-1] INFO  c.p.t.controller.MyServiceController - GET /api/tenant/services/available/1 - trả về 5 dịch vụ
2026-04-02 10:14:11 [http-nio-8083-exec-6] INFO  c.p.t.c.MyContractController - GET /api/tenant/contracts - userId: 4
2026-04-02 10:14:17 [http-nio-8083-exec-9] INFO  c.p.t.controller.MyIssueController - GET /api/tenant/issues - userId: 4
2026-04-02 10:14:31 [http-nio-8083-exec-8] INFO  c.p.t.c.MyNotificationController - GET /api/tenant/notifications - userId: 4
2026-04-02 10:14:34 [http-nio-8083-exec-3] INFO  c.p.t.c.MyNotificationController - PATCH /api/tenant/notifications/read-all - userId: 4
2026-04-02 10:14:34 [http-nio-8083-exec-4] INFO  c.p.t.c.MyNotificationController - GET /api/tenant/notifications - userId: 4
2026-04-02 10:14:35 [http-nio-8083-exec-1] INFO  c.p.t.c.MyNotificationController - GET /api/tenant/notifications - userId: 4
2026-04-02 10:17:32 [http-nio-8083-exec-2] INFO  c.p.t.controller.ProfileController - GET /api/tenant/profile - userId: 4
2026-04-02 10:24:15 [http-nio-8083-exec-4] INFO  c.p.t.controller.MyInvoiceController - GET /api/tenant/invoices - userId: 9
2026-04-02 10:24:15 [http-nio-8083-exec-1] INFO  c.p.t.c.MyNotificationController - GET /api/tenant/notifications - userId: 9
2026-04-02 10:24:15 [http-nio-8083-exec-3] INFO  c.p.t.controller.MyIssueController - GET /api/tenant/issues - userId: 9
2026-04-02 10:24:15 [http-nio-8083-exec-5] INFO  c.p.t.c.MyContractController - GET /api/tenant/contracts - userId: 9
2026-04-02 10:24:26 [http-nio-8083-exec-6] INFO  c.p.t.controller.MyInvoiceController - GET /api/tenant/invoices - userId: 9
2026-04-02 10:24:27 [http-nio-8083-exec-10] INFO  c.p.t.controller.MyIssueController - GET /api/tenant/issues - userId: 9
2026-04-02 10:24:28 [http-nio-8083-exec-7] INFO  c.p.t.c.MyContractController - GET /api/tenant/contracts/current - userId: 9
2026-04-02 10:24:32 [http-nio-8083-exec-4] INFO  c.p.t.controller.ProfileController - GET /api/tenant/profile - userId: 9
2026-04-02 10:24:50 [http-nio-8083-exec-3] INFO  c.p.t.controller.AvatarController - POST /api/tenant/avatar - userId: 9, fileName: scaled_123.jpg, size: 101509 bytes
2026-04-02 10:24:55 [http-nio-8083-exec-3] INFO  c.p.t.controller.AvatarController - POST /api/tenant/avatar - userId: 9 cập nhật avatar thành công: https://res.cloudinary.com/dbj3kf54f/image/upload/v1775100293/smartroom/avatars/user_9.jpg
2026-04-02 10:25:00 [http-nio-8083-exec-6] INFO  c.p.t.controller.AvatarController - DELETE /api/tenant/avatar - userId: 9
2026-04-02 10:25:02 [http-nio-8083-exec-6] INFO  c.p.t.controller.AvatarController - DELETE /api/tenant/avatar - userId: 9 xoá avatar thành công
