2026-04-02 19:58:31 [main] INFO  c.p.t.TenantServiceApplicationTests - Starting TenantServiceApplicationTests using Java 17.0.16 with PID 24900 (started by XUN HI in C:\Users\AD\Desktop\KLTN\Project\Backend\tenant-service)
2026-04-02 19:58:31 [main] DEBUG c.p.t.TenantServiceApplicationTests - Running with Spring Boot v4.0.4, Spring v7.0.6
2026-04-02 19:58:31 [main] INFO  c.p.t.TenantServiceApplicationTests - The following 1 profile is active: "local"
2026-04-02 19:58:36 [main] INFO  o.s.d.r.c.RepositoryConfigurationDelegate - Bootstrapping Spring Data JPA repositories in DEFAULT mode.
2026-04-02 19:58:36 [main] INFO  o.s.d.r.c.RepositoryConfigurationDelegate - Finished Spring Data repository scanning in 157 ms. Found 15 JPA repository interfaces.
2026-04-02 19:58:39 [main] INFO  org.hibernate.orm.jpa - HHH008540: Processing PersistenceUnitInfo [name: default]
2026-04-02 19:58:39 [main] INFO  org.hibernate.orm.core - HHH000001: Hibernate ORM core version 7.2.7.Final
2026-04-02 19:58:41 [main] INFO  o.s.o.j.p.SpringPersistenceUnitInfo - No LoadTimeWeaver setup: ignoring JPA class transformer
2026-04-02 19:58:41 [main] INFO  com.zaxxer.hikari.HikariDataSource - tenant-service-hikari - Starting...
2026-04-02 19:58:42 [main] INFO  com.zaxxer.hikari.pool.HikariPool - tenant-service-hikari - Added connection org.mariadb.jdbc.Connection@2d18d9ed
2026-04-02 19:58:42 [main] INFO  com.zaxxer.hikari.HikariDataSource - tenant-service-hikari - Start completed.
2026-04-02 19:58:42 [main] WARN  org.hibernate.orm.deprecation - HHH90000025: MariaDBDialect does not need to be specified explicitly using 'hibernate.dialect' (remove the property setting and it will be selected by default)
2026-04-02 19:58:42 [main] INFO  o.hibernate.orm.connections.pooling - HHH10001005: Database info:
	Database JDBC URL [jdbc:mariadb://localhost/smartroomms?user=root]
	Database driver: MariaDB Connector/J
	Database dialect: MariaDBDialect
	Database version: 12.0.2
	Default catalog/schema: smartroomms/undefined
	Autocommit mode: undefined/unknown
	Isolation level: REPEATABLE_READ [default REPEATABLE_READ]
	JDBC fetch size: none
	Pool: DataSourceConnectionProvider
	Minimum pool size: undefined/unknown
	Maximum pool size: undefined/unknown
2026-04-02 19:58:48 [main] INFO  org.hibernate.orm.core - HHH000489: No JTA platform available (set 'hibernate.transaction.jta.platform' to enable JTA platform integration)
2026-04-02 19:58:48 [main] INFO  o.s.o.j.LocalContainerEntityManagerFactoryBean - Initialized JPA EntityManagerFactory for persistence unit 'default'
2026-04-02 19:58:49 [main] INFO  o.s.d.j.r.q.QueryEnhancerFactories - Hibernate is in classpath; If applicable, HQL parser will be used.
2026-04-02 19:59:00 [main] WARN  o.s.b.j.a.JpaBaseConfiguration$JpaWebConfiguration - spring.jpa.open-in-view is enabled by default. Therefore, database queries may be performed during view rendering. Explicitly configure spring.jpa.open-in-view to disable this warning
2026-04-02 19:59:02 [main] INFO  o.s.s.c.a.a.c.InitializeAuthenticationProviderBeanManagerConfigurer$InitializeAuthenticationProviderManagerConfigurer - Global AuthenticationManager configured with AuthenticationProvider bean with name authenticationProvider
2026-04-02 19:59:02 [main] WARN  o.s.s.c.a.a.c.InitializeUserDetailsBeanManagerConfigurer$InitializeUserDetailsManagerConfigurer - Global AuthenticationManager configured with an AuthenticationProvider bean. UserDetailsService beans will not be used by Spring Security for automatically configuring username/password login. Consider removing the AuthenticationProvider bean. Alternatively, consider using the UserDetailsService in a manually instantiated DaoAuthenticationProvider. If the current configuration is intentional, to turn off this warning, increase the logging level of 'org.springframework.security.config.annotation.authentication.configuration.InitializeUserDetailsBeanManagerConfigurer' to ERROR
2026-04-02 19:59:07 [main] INFO  o.s.b.a.e.web.EndpointLinksResolver - Exposing 3 endpoints beneath base path '/actuator'
2026-04-02 19:59:08 [main] INFO  c.p.t.TenantServiceApplicationTests - Started TenantServiceApplicationTests in 38.56 seconds (process running for 54.652)
2026-04-02 19:59:09 [SpringApplicationShutdownHook] INFO  o.s.o.j.LocalContainerEntityManagerFactoryBean - Closing JPA EntityManagerFactory for persistence unit 'default'
2026-04-02 19:59:09 [SpringApplicationShutdownHook] INFO  com.zaxxer.hikari.HikariDataSource - tenant-service-hikari - Shutdown initiated...
2026-04-02 19:59:09 [SpringApplicationShutdownHook] INFO  com.zaxxer.hikari.HikariDataSource - tenant-service-hikari - Shutdown completed.
2026-04-02 20:06:25 [main] INFO  c.p.t.TenantServiceApplicationTests - Starting TenantServiceApplicationTests using Java 17.0.16 with PID 8636 (started by XUN HI in C:\Users\AD\Desktop\KLTN\Project\Backend\tenant-service)
2026-04-02 20:06:25 [main] DEBUG c.p.t.TenantServiceApplicationTests - Running with Spring Boot v4.0.4, Spring v7.0.6
2026-04-02 20:06:25 [main] INFO  c.p.t.TenantServiceApplicationTests - The following 1 profile is active: "local"
2026-04-02 20:06:28 [main] INFO  o.s.d.r.c.RepositoryConfigurationDelegate - Bootstrapping Spring Data JPA repositories in DEFAULT mode.
2026-04-02 20:06:28 [main] INFO  o.s.d.r.c.RepositoryConfigurationDelegate - Finished Spring Data repository scanning in 313 ms. Found 15 JPA repository interfaces.
2026-04-02 20:06:34 [main] INFO  org.hibernate.orm.jpa - HHH008540: Processing PersistenceUnitInfo [name: default]
2026-04-02 20:06:34 [main] INFO  org.hibernate.orm.core - HHH000001: Hibernate ORM core version 7.2.7.Final
2026-04-02 20:06:35 [main] INFO  o.s.o.j.p.SpringPersistenceUnitInfo - No LoadTimeWeaver setup: ignoring JPA class transformer
2026-04-02 20:06:36 [main] INFO  com.zaxxer.hikari.HikariDataSource - tenant-service-hikari - Starting...
2026-04-02 20:06:36 [main] INFO  com.zaxxer.hikari.pool.HikariPool - tenant-service-hikari - Added connection org.mariadb.jdbc.Connection@56a6aadb
2026-04-02 20:06:36 [main] INFO  com.zaxxer.hikari.HikariDataSource - tenant-service-hikari - Start completed.
2026-04-02 20:06:36 [main] WARN  org.hibernate.orm.deprecation - HHH90000025: MariaDBDialect does not need to be specified explicitly using 'hibernate.dialect' (remove the property setting and it will be selected by default)
2026-04-02 20:06:36 [main] INFO  o.hibernate.orm.connections.pooling - HHH10001005: Database info:
	Database JDBC URL [jdbc:mariadb://localhost/smartroomms?user=root]
	Database driver: MariaDB Connector/J
	Database dialect: MariaDBDialect
	Database version: 12.0.2
	Default catalog/schema: smartroomms/undefined
	Autocommit mode: undefined/unknown
	Isolation level: REPEATABLE_READ [default REPEATABLE_READ]
	JDBC fetch size: none
	Pool: DataSourceConnectionProvider
	Minimum pool size: undefined/unknown
	Maximum pool size: undefined/unknown
2026-04-02 20:06:38 [main] INFO  org.hibernate.orm.core - HHH000489: No JTA platform available (set 'hibernate.transaction.jta.platform' to enable JTA platform integration)
2026-04-02 20:06:38 [main] INFO  o.s.o.j.LocalContainerEntityManagerFactoryBean - Initialized JPA EntityManagerFactory for persistence unit 'default'
2026-04-02 20:06:38 [main] INFO  o.s.d.j.r.q.QueryEnhancerFactories - Hibernate is in classpath; If applicable, HQL parser will be used.
2026-04-02 20:06:43 [main] WARN  o.s.b.j.a.JpaBaseConfiguration$JpaWebConfiguration - spring.jpa.open-in-view is enabled by default. Therefore, database queries may be performed during view rendering. Explicitly configure spring.jpa.open-in-view to disable this warning
2026-04-02 20:06:43 [main] INFO  o.s.s.c.a.a.c.InitializeAuthenticationProviderBeanManagerConfigurer$InitializeAuthenticationProviderManagerConfigurer - Global AuthenticationManager configured with AuthenticationProvider bean with name authenticationProvider
2026-04-02 20:06:43 [main] WARN  o.s.s.c.a.a.c.InitializeUserDetailsBeanManagerConfigurer$InitializeUserDetailsManagerConfigurer - Global AuthenticationManager configured with an AuthenticationProvider bean. UserDetailsService beans will not be used by Spring Security for automatically configuring username/password login. Consider removing the AuthenticationProvider bean. Alternatively, consider using the UserDetailsService in a manually instantiated DaoAuthenticationProvider. If the current configuration is intentional, to turn off this warning, increase the logging level of 'org.springframework.security.config.annotation.authentication.configuration.InitializeUserDetailsBeanManagerConfigurer' to ERROR
2026-04-02 20:06:46 [main] INFO  o.s.b.a.e.web.EndpointLinksResolver - Exposing 3 endpoints beneath base path '/actuator'
2026-04-02 20:06:46 [main] INFO  c.p.t.TenantServiceApplicationTests - Started TenantServiceApplicationTests in 22.864 seconds (process running for 34.248)
2026-04-02 20:06:47 [SpringApplicationShutdownHook] INFO  o.s.o.j.LocalContainerEntityManagerFactoryBean - Closing JPA EntityManagerFactory for persistence unit 'default'
2026-04-02 20:06:47 [SpringApplicationShutdownHook] INFO  com.zaxxer.hikari.HikariDataSource - tenant-service-hikari - Shutdown initiated...
2026-04-02 20:06:47 [SpringApplicationShutdownHook] INFO  com.zaxxer.hikari.HikariDataSource - tenant-service-hikari - Shutdown completed.
