2026-04-02 19:58:22 [main] INFO  c.p.h.HostServiceApplicationTests - Starting HostServiceApplicationTests using Java 17.0.16 with PID 26636 (started by XUN HI in C:\Users\AD\Desktop\KLTN\Project\Backend\host-service)
2026-04-02 19:58:22 [main] DEBUG c.p.h.HostServiceApplicationTests - Running with Spring Boot v4.0.4, Spring v7.0.6
2026-04-02 19:58:22 [main] INFO  c.p.h.HostServiceApplicationTests - The following 1 profile is active: "local"
2026-04-02 19:58:27 [main] INFO  o.s.d.r.c.RepositoryConfigurationDelegate - Bootstrapping Spring Data JPA repositories in DEFAULT mode.
2026-04-02 19:58:28 [main] INFO  o.s.d.r.c.RepositoryConfigurationDelegate - Finished Spring Data repository scanning in 439 ms. Found 15 JPA repository interfaces.
2026-04-02 19:58:34 [main] INFO  org.hibernate.orm.jpa - HHH008540: Processing PersistenceUnitInfo [name: default]
2026-04-02 19:58:34 [main] INFO  org.hibernate.orm.core - HHH000001: Hibernate ORM core version 7.2.7.Final
2026-04-02 19:58:37 [main] INFO  o.s.o.j.p.SpringPersistenceUnitInfo - No LoadTimeWeaver setup: ignoring JPA class transformer
2026-04-02 19:58:37 [main] INFO  com.zaxxer.hikari.HikariDataSource - host-service-hikari - Starting...
2026-04-02 19:58:37 [main] INFO  com.zaxxer.hikari.pool.HikariPool - host-service-hikari - Added connection org.mariadb.jdbc.Connection@6167c42f
2026-04-02 19:58:37 [main] INFO  com.zaxxer.hikari.HikariDataSource - host-service-hikari - Start completed.
2026-04-02 19:58:37 [main] WARN  org.hibernate.orm.deprecation - HHH90000025: MariaDBDialect does not need to be specified explicitly using 'hibernate.dialect' (remove the property setting and it will be selected by default)
2026-04-02 19:58:37 [main] INFO  o.hibernate.orm.connections.pooling - HHH10001005: Database info:
	Database JDBC URL [jdbc:mariadb://localhost/smartroomms?user=root]
	Database driver: MariaDB Connector/J
	Database dialect: MariaDBDialect
	Database version: 12.0.2
	Default catalog/schema: smartroomms/undefined
	Autocommit mode: undefined/unknown
	Isolation level: REPEATABLE_READ [default REPEATABLE_READ]
	JDBC fetch size: none
	Pool: DataSourceConnectionProvider
	Minimum pool size: undefined/unknown
	Maximum pool size: undefined/unknown
2026-04-02 19:58:43 [main] INFO  org.hibernate.orm.core - HHH000489: No JTA platform available (set 'hibernate.transaction.jta.platform' to enable JTA platform integration)
2026-04-02 19:58:43 [main] INFO  o.s.o.j.LocalContainerEntityManagerFactoryBean - Initialized JPA EntityManagerFactory for persistence unit 'default'
2026-04-02 19:58:44 [main] INFO  o.s.d.j.r.q.QueryEnhancerFactories - Hibernate is in classpath; If applicable, HQL parser will be used.
2026-04-02 19:58:55 [main] WARN  o.s.b.j.a.JpaBaseConfiguration$JpaWebConfiguration - spring.jpa.open-in-view is enabled by default. Therefore, database queries may be performed during view rendering. Explicitly configure spring.jpa.open-in-view to disable this warning
2026-04-02 19:58:55 [main] INFO  o.s.s.c.a.a.c.InitializeAuthenticationProviderBeanManagerConfigurer$InitializeAuthenticationProviderManagerConfigurer - Global AuthenticationManager configured with AuthenticationProvider bean with name authenticationProvider
2026-04-02 19:58:55 [main] WARN  o.s.s.c.a.a.c.InitializeUserDetailsBeanManagerConfigurer$InitializeUserDetailsManagerConfigurer - Global AuthenticationManager configured with an AuthenticationProvider bean. UserDetailsService beans will not be used by Spring Security for automatically configuring username/password login. Consider removing the AuthenticationProvider bean. Alternatively, consider using the UserDetailsService in a manually instantiated DaoAuthenticationProvider. If the current configuration is intentional, to turn off this warning, increase the logging level of 'org.springframework.security.config.annotation.authentication.configuration.InitializeUserDetailsBeanManagerConfigurer' to ERROR
2026-04-02 19:58:57 [main] INFO  o.s.v.b.OptionalValidatorFactoryBean - Failed to set up a Bean Validation provider: jakarta.validation.NoProviderFoundException: Unable to create a Configuration, because no Jakarta Validation provider could be found. Add a provider like Hibernate Validator (RI) to your classpath.
2026-04-02 19:59:00 [main] INFO  o.s.b.a.e.web.EndpointLinksResolver - Exposing 3 endpoints beneath base path '/actuator'
2026-04-02 19:59:01 [main] INFO  c.p.h.HostServiceApplicationTests - Started HostServiceApplicationTests in 41.826 seconds (process running for 47.484)
2026-04-02 19:59:10 [main] INFO  c.p.h.service.NotificationService - Gui thong bao den 2 tenants cua host 1
2026-04-02 19:59:11 [SpringApplicationShutdownHook] INFO  o.s.o.j.LocalContainerEntityManagerFactoryBean - Closing JPA EntityManagerFactory for persistence unit 'default'
2026-04-02 19:59:11 [SpringApplicationShutdownHook] INFO  com.zaxxer.hikari.HikariDataSource - host-service-hikari - Shutdown initiated...
2026-04-02 19:59:11 [SpringApplicationShutdownHook] INFO  com.zaxxer.hikari.HikariDataSource - host-service-hikari - Shutdown completed.
2026-04-02 20:04:28 [main] INFO  c.p.h.HostServiceApplicationTests - Starting HostServiceApplicationTests using Java 17.0.16 with PID 28364 (started by XUN HI in C:\Users\AD\Desktop\KLTN\Project\Backend\host-service)
2026-04-02 20:04:28 [main] DEBUG c.p.h.HostServiceApplicationTests - Running with Spring Boot v4.0.4, Spring v7.0.6
2026-04-02 20:04:28 [main] INFO  c.p.h.HostServiceApplicationTests - The following 1 profile is active: "local"
2026-04-02 20:04:34 [main] INFO  o.s.d.r.c.RepositoryConfigurationDelegate - Bootstrapping Spring Data JPA repositories in DEFAULT mode.
2026-04-02 20:04:34 [main] INFO  o.s.d.r.c.RepositoryConfigurationDelegate - Finished Spring Data repository scanning in 423 ms. Found 15 JPA repository interfaces.
2026-04-02 20:04:40 [main] INFO  org.hibernate.orm.jpa - HHH008540: Processing PersistenceUnitInfo [name: default]
2026-04-02 20:04:41 [main] INFO  org.hibernate.orm.core - HHH000001: Hibernate ORM core version 7.2.7.Final
2026-04-02 20:04:42 [main] INFO  o.s.o.j.p.SpringPersistenceUnitInfo - No LoadTimeWeaver setup: ignoring JPA class transformer
2026-04-02 20:04:42 [main] INFO  com.zaxxer.hikari.HikariDataSource - host-service-hikari - Starting...
2026-04-02 20:04:42 [main] INFO  com.zaxxer.hikari.pool.HikariPool - host-service-hikari - Added connection org.mariadb.jdbc.Connection@1cca2e9d
2026-04-02 20:04:42 [main] INFO  com.zaxxer.hikari.HikariDataSource - host-service-hikari - Start completed.
2026-04-02 20:04:43 [main] WARN  org.hibernate.orm.deprecation - HHH90000025: MariaDBDialect does not need to be specified explicitly using 'hibernate.dialect' (remove the property setting and it will be selected by default)
2026-04-02 20:04:43 [main] INFO  o.hibernate.orm.connections.pooling - HHH10001005: Database info:
	Database JDBC URL [jdbc:mariadb://localhost/smartroomms?user=root]
	Database driver: MariaDB Connector/J
	Database dialect: MariaDBDialect
	Database version: 12.0.2
	Default catalog/schema: smartroomms/undefined
	Autocommit mode: undefined/unknown
	Isolation level: REPEATABLE_READ [default REPEATABLE_READ]
	JDBC fetch size: none
	Pool: DataSourceConnectionProvider
	Minimum pool size: undefined/unknown
	Maximum pool size: undefined/unknown
2026-04-02 20:04:46 [main] INFO  org.hibernate.orm.core - HHH000489: No JTA platform available (set 'hibernate.transaction.jta.platform' to enable JTA platform integration)
2026-04-02 20:04:46 [main] INFO  o.s.o.j.LocalContainerEntityManagerFactoryBean - Initialized JPA EntityManagerFactory for persistence unit 'default'
2026-04-02 20:04:47 [main] INFO  o.s.d.j.r.q.QueryEnhancerFactories - Hibernate is in classpath; If applicable, HQL parser will be used.
2026-04-02 20:04:55 [main] WARN  o.s.b.j.a.JpaBaseConfiguration$JpaWebConfiguration - spring.jpa.open-in-view is enabled by default. Therefore, database queries may be performed during view rendering. Explicitly configure spring.jpa.open-in-view to disable this warning
2026-04-02 20:04:56 [main] INFO  o.s.s.c.a.a.c.InitializeAuthenticationProviderBeanManagerConfigurer$InitializeAuthenticationProviderManagerConfigurer - Global AuthenticationManager configured with AuthenticationProvider bean with name authenticationProvider
2026-04-02 20:04:56 [main] WARN  o.s.s.c.a.a.c.InitializeUserDetailsBeanManagerConfigurer$InitializeUserDetailsManagerConfigurer - Global AuthenticationManager configured with an AuthenticationProvider bean. UserDetailsService beans will not be used by Spring Security for automatically configuring username/password login. Consider removing the AuthenticationProvider bean. Alternatively, consider using the UserDetailsService in a manually instantiated DaoAuthenticationProvider. If the current configuration is intentional, to turn off this warning, increase the logging level of 'org.springframework.security.config.annotation.authentication.configuration.InitializeUserDetailsBeanManagerConfigurer' to ERROR
2026-04-02 20:04:57 [main] INFO  o.s.v.b.OptionalValidatorFactoryBean - Failed to set up a Bean Validation provider: jakarta.validation.NoProviderFoundException: Unable to create a Configuration, because no Jakarta Validation provider could be found. Add a provider like Hibernate Validator (RI) to your classpath.
2026-04-02 20:05:00 [main] INFO  o.s.b.a.e.web.EndpointLinksResolver - Exposing 3 endpoints beneath base path '/actuator'
2026-04-02 20:05:00 [main] INFO  c.p.h.HostServiceApplicationTests - Started HostServiceApplicationTests in 34.092 seconds (process running for 39.927)
2026-04-02 20:05:07 [main] INFO  c.p.h.service.NotificationService - Gui thong bao den 2 tenants cua host 1
2026-04-02 20:05:07 [SpringApplicationShutdownHook] INFO  o.s.o.j.LocalContainerEntityManagerFactoryBean - Closing JPA EntityManagerFactory for persistence unit 'default'
2026-04-02 20:05:07 [SpringApplicationShutdownHook] INFO  com.zaxxer.hikari.HikariDataSource - host-service-hikari - Shutdown initiated...
2026-04-02 20:05:07 [SpringApplicationShutdownHook] INFO  com.zaxxer.hikari.HikariDataSource - host-service-hikari - Shutdown completed.
2026-04-02 20:05:59 [main] INFO  c.p.h.HostServiceApplicationTests - Starting HostServiceApplicationTests using Java 17.0.16 with PID 22516 (started by XUN HI in C:\Users\AD\Desktop\KLTN\Project\Backend\host-service)
2026-04-02 20:05:59 [main] DEBUG c.p.h.HostServiceApplicationTests - Running with Spring Boot v4.0.4, Spring v7.0.6
2026-04-02 20:05:59 [main] INFO  c.p.h.HostServiceApplicationTests - The following 1 profile is active: "local"
2026-04-02 20:06:03 [main] INFO  o.s.d.r.c.RepositoryConfigurationDelegate - Bootstrapping Spring Data JPA repositories in DEFAULT mode.
2026-04-02 20:06:04 [main] INFO  o.s.d.r.c.RepositoryConfigurationDelegate - Finished Spring Data repository scanning in 1021 ms. Found 15 JPA repository interfaces.
2026-04-02 20:06:08 [main] INFO  org.hibernate.orm.jpa - HHH008540: Processing PersistenceUnitInfo [name: default]
2026-04-02 20:06:08 [main] INFO  org.hibernate.orm.core - HHH000001: Hibernate ORM core version 7.2.7.Final
2026-04-02 20:06:10 [main] INFO  o.s.o.j.p.SpringPersistenceUnitInfo - No LoadTimeWeaver setup: ignoring JPA class transformer
2026-04-02 20:06:10 [main] INFO  com.zaxxer.hikari.HikariDataSource - host-service-hikari - Starting...
2026-04-02 20:06:10 [main] INFO  com.zaxxer.hikari.pool.HikariPool - host-service-hikari - Added connection org.mariadb.jdbc.Connection@8e00c02
2026-04-02 20:06:10 [main] INFO  com.zaxxer.hikari.HikariDataSource - host-service-hikari - Start completed.
2026-04-02 20:06:10 [main] WARN  org.hibernate.orm.deprecation - HHH90000025: MariaDBDialect does not need to be specified explicitly using 'hibernate.dialect' (remove the property setting and it will be selected by default)
2026-04-02 20:06:10 [main] INFO  o.hibernate.orm.connections.pooling - HHH10001005: Database info:
	Database JDBC URL [jdbc:mariadb://localhost/smartroomms?user=root]
	Database driver: MariaDB Connector/J
	Database dialect: MariaDBDialect
	Database version: 12.0.2
	Default catalog/schema: smartroomms/undefined
	Autocommit mode: undefined/unknown
	Isolation level: REPEATABLE_READ [default REPEATABLE_READ]
	JDBC fetch size: none
	Pool: DataSourceConnectionProvider
	Minimum pool size: undefined/unknown
	Maximum pool size: undefined/unknown
2026-04-02 20:06:14 [main] INFO  org.hibernate.orm.core - HHH000489: No JTA platform available (set 'hibernate.transaction.jta.platform' to enable JTA platform integration)
2026-04-02 20:06:14 [main] INFO  o.s.o.j.LocalContainerEntityManagerFactoryBean - Initialized JPA EntityManagerFactory for persistence unit 'default'
2026-04-02 20:06:15 [main] INFO  o.s.d.j.r.q.QueryEnhancerFactories - Hibernate is in classpath; If applicable, HQL parser will be used.
2026-04-02 20:06:23 [main] WARN  o.s.b.j.a.JpaBaseConfiguration$JpaWebConfiguration - spring.jpa.open-in-view is enabled by default. Therefore, database queries may be performed during view rendering. Explicitly configure spring.jpa.open-in-view to disable this warning
2026-04-02 20:06:23 [main] INFO  o.s.s.c.a.a.c.InitializeAuthenticationProviderBeanManagerConfigurer$InitializeAuthenticationProviderManagerConfigurer - Global AuthenticationManager configured with AuthenticationProvider bean with name authenticationProvider
2026-04-02 20:06:23 [main] WARN  o.s.s.c.a.a.c.InitializeUserDetailsBeanManagerConfigurer$InitializeUserDetailsManagerConfigurer - Global AuthenticationManager configured with an AuthenticationProvider bean. UserDetailsService beans will not be used by Spring Security for automatically configuring username/password login. Consider removing the AuthenticationProvider bean. Alternatively, consider using the UserDetailsService in a manually instantiated DaoAuthenticationProvider. If the current configuration is intentional, to turn off this warning, increase the logging level of 'org.springframework.security.config.annotation.authentication.configuration.InitializeUserDetailsBeanManagerConfigurer' to ERROR
2026-04-02 20:06:24 [main] INFO  o.s.v.b.OptionalValidatorFactoryBean - Failed to set up a Bean Validation provider: jakarta.validation.NoProviderFoundException: Unable to create a Configuration, because no Jakarta Validation provider could be found. Add a provider like Hibernate Validator (RI) to your classpath.
2026-04-02 20:06:27 [main] INFO  o.s.b.a.e.web.EndpointLinksResolver - Exposing 3 endpoints beneath base path '/actuator'
2026-04-02 20:06:27 [main] INFO  c.p.h.HostServiceApplicationTests - Started HostServiceApplicationTests in 29.476 seconds (process running for 32.658)
2026-04-02 20:06:33 [main] INFO  c.p.h.service.NotificationService - Gui thong bao den 2 tenants cua host 1
2026-04-02 20:06:33 [SpringApplicationShutdownHook] INFO  o.s.o.j.LocalContainerEntityManagerFactoryBean - Closing JPA EntityManagerFactory for persistence unit 'default'
2026-04-02 20:06:33 [SpringApplicationShutdownHook] INFO  com.zaxxer.hikari.HikariDataSource - host-service-hikari - Shutdown initiated...
2026-04-02 20:06:34 [SpringApplicationShutdownHook] INFO  com.zaxxer.hikari.HikariDataSource - host-service-hikari - Shutdown completed.
